<?xml version="1.0" encoding="UTF-8"?>
<testng-results skipped="0" failed="0" ignored="0" total="1" passed="1">
  <reporter-output>
  </reporter-output>
  <suite name="AgriPal" duration-ms="39248" started-at="2018-02-23T10:28:54Z" finished-at="2018-02-23T10:29:33Z">
    <groups>
    </groups>
    <test name="Test" duration-ms="39248" started-at="2018-02-23T10:28:54Z" finished-at="2018-02-23T10:29:33Z">
      <class name="basttestpack.BaseClass">
        <test-method status="PASS" signature="presteps(org.testng.ITestContext)[pri:0, instance:basttestpack.BaseClass@1810399e]" name="presteps" is-config="true" duration-ms="330" started-at="2018-02-23T15:58:54Z" finished-at="2018-02-23T15:58:54Z">
          <params>
            <param index="0">
              <value>
                <![CDATA[org.testng.TestRunner@2fc0cc3]]>
              </value>
            </param>
          </params>
          <reporter-output>
          </reporter-output>
        </test-method> <!-- presteps -->
        <test-method status="PASS" signature="homepageValidation()[pri:0, instance:basttestpack.BaseClass@1810399e]" name="homepageValidation" duration-ms="39237" started-at="2018-02-23T15:58:54Z" finished-at="2018-02-23T15:59:33Z">
          <reporter-output>
          </reporter-output>
        </test-method> <!-- homepageValidation -->
        <test-method status="PASS" signature="poststeps(org.testng.ITestContext)[pri:0, instance:basttestpack.BaseClass@1810399e]" name="poststeps" is-config="true" duration-ms="2609" started-at="2018-02-23T15:59:33Z" finished-at="2018-02-23T15:59:36Z">
          <params>
            <param index="0">
              <value>
                <![CDATA[org.testng.TestRunner@2fc0cc3]]>
              </value>
            </param>
          </params>
          <reporter-output>
          </reporter-output>
        </test-method> <!-- poststeps -->
      </class> <!-- basttestpack.BaseClass -->
    </test> <!-- Test -->
  </suite> <!-- AgriPal -->
</testng-results>
