<?xml version="1.0" encoding="UTF-8"?>
<testng-results skipped="0" failed="0" ignored="0" total="1" passed="1">
  <reporter-output>
  </reporter-output>
  <suite name="AgriPal" duration-ms="12932" started-at="2018-02-23T10:29:39Z" finished-at="2018-02-23T10:29:52Z">
    <groups>
    </groups>
    <test name="Test" duration-ms="12932" started-at="2018-02-23T10:29:39Z" finished-at="2018-02-23T10:29:52Z">
      <class name="basttestpack.BaseClass">
        <test-method status="PASS" signature="presteps(org.testng.ITestContext)[pri:0, instance:basttestpack.BaseClass@21a5300a]" name="presteps" is-config="true" duration-ms="407" started-at="2018-02-23T15:59:38Z" finished-at="2018-02-23T15:59:39Z">
          <params>
            <param index="0">
              <value>
                <![CDATA[org.testng.TestRunner@3a510585]]>
              </value>
            </param>
          </params>
          <reporter-output>
          </reporter-output>
        </test-method> <!-- presteps -->
        <test-method status="PASS" signature="homepageValidation()[pri:0, instance:basttestpack.BaseClass@21a5300a]" name="homepageValidation" duration-ms="12921" started-at="2018-02-23T15:59:39Z" finished-at="2018-02-23T15:59:52Z">
          <reporter-output>
          </reporter-output>
        </test-method> <!-- homepageValidation -->
        <test-method status="PASS" signature="poststeps(org.testng.ITestContext)[pri:0, instance:basttestpack.BaseClass@21a5300a]" name="poststeps" is-config="true" duration-ms="849" started-at="2018-02-23T15:59:52Z" finished-at="2018-02-23T15:59:52Z">
          <params>
            <param index="0">
              <value>
                <![CDATA[org.testng.TestRunner@3a510585]]>
              </value>
            </param>
          </params>
          <reporter-output>
          </reporter-output>
        </test-method> <!-- poststeps -->
      </class> <!-- basttestpack.BaseClass -->
    </test> <!-- Test -->
  </suite> <!-- AgriPal -->
</testng-results>
