<?xml version="1.0" encoding="UTF-8"?>
<testng-results skipped="0" failed="1" total="1" passed="0">
  <reporter-output>
  </reporter-output>
  <suite name="Default suite" duration-ms="19134" started-at="2018-02-16T08:14:32Z" finished-at="2018-02-16T08:14:52Z">
    <groups>
    </groups>
    <test name="Default test" duration-ms="19134" started-at="2018-02-16T08:14:32Z" finished-at="2018-02-16T08:14:52Z">
      <class name="basttestpack.BaseClass">
        <test-method status="PASS" signature="presteps(org.testng.ITestContext)[pri:0, instance:basttestpack.BaseClass@2ac273d3]" name="presteps" is-config="true" duration-ms="236" started-at="2018-02-16T13:44:32Z" finished-at="2018-02-16T13:44:32Z">
          <params>
            <param index="0">
              <value>
                <![CDATA[org.testng.TestRunner@56113384]]>
              </value>
            </param>
          </params>
          <reporter-output>
          </reporter-output>
        </test-method> <!-- presteps -->
        <test-method status="FAIL" signature="homepageValidation()[pri:0, instance:basttestpack.BaseClass@2ac273d3]" name="homepageValidation" duration-ms="19101" started-at="2018-02-16T13:44:32Z" finished-at="2018-02-16T13:44:51Z">
          <exception class="java.lang.NoSuchMethodError">
            <message>
              <![CDATA[org.openqa.selenium.support.ui.WebDriverWait.until(Ljava/util/function/Function;)Ljava/lang/Object;]]>
            </message>
            <full-stacktrace>
              <![CDATA[java.lang.NoSuchMethodError: org.openqa.selenium.support.ui.WebDriverWait.until(Ljava/util/function/Function;)Ljava/lang/Object;
	at utilititespack.WrapperMethods.waitForElement(WrapperMethods.java:1569)
	at alltestspack.HomePageValidations.homepageValidation(HomePageValidations.java:56)
	at basttestpack.BaseClass.homepageValidation(BaseClass.java:27)
	at sun.reflect.NativeMethodAccessorImpl.invoke0(Native Method)
	at sun.reflect.NativeMethodAccessorImpl.invoke(Unknown Source)
	at sun.reflect.DelegatingMethodAccessorImpl.invoke(Unknown Source)
	at java.lang.reflect.Method.invoke(Unknown Source)
	at org.testng.internal.MethodInvocationHelper.invokeMethod(MethodInvocationHelper.java:85)
	at org.testng.internal.Invoker.invokeMethod(Invoker.java:639)
	at org.testng.internal.Invoker.invokeTestMethod(Invoker.java:816)
	at org.testng.internal.Invoker.invokeTestMethods(Invoker.java:1124)
	at org.testng.internal.TestMethodWorker.invokeTestMethods(TestMethodWorker.java:125)
	at org.testng.internal.TestMethodWorker.run(TestMethodWorker.java:108)
	at org.testng.TestRunner.privateRun(TestRunner.java:774)
	at org.testng.TestRunner.run(TestRunner.java:624)
	at org.testng.SuiteRunner.runTest(SuiteRunner.java:359)
	at org.testng.SuiteRunner.runSequentially(SuiteRunner.java:354)
	at org.testng.SuiteRunner.privateRun(SuiteRunner.java:312)
	at org.testng.SuiteRunner.run(SuiteRunner.java:261)
	at org.testng.SuiteRunnerWorker.runSuite(SuiteRunnerWorker.java:52)
	at org.testng.SuiteRunnerWorker.run(SuiteRunnerWorker.java:86)
	at org.testng.TestNG.runSuitesSequentially(TestNG.java:1215)
	at org.testng.TestNG.runSuitesLocally(TestNG.java:1140)
	at org.testng.TestNG.run(TestNG.java:1048)
	at org.testng.remote.AbstractRemoteTestNG.run(AbstractRemoteTestNG.java:114)
	at org.testng.remote.RemoteTestNG.initAndRun(RemoteTestNG.java:251)
	at org.testng.remote.RemoteTestNG.main(RemoteTestNG.java:77)
]]>
            </full-stacktrace>
          </exception> <!-- java.lang.NoSuchMethodError -->
          <reporter-output>
          </reporter-output>
        </test-method> <!-- homepageValidation -->
        <test-method status="PASS" signature="poststeps(org.testng.ITestContext)[pri:0, instance:basttestpack.BaseClass@2ac273d3]" name="poststeps" is-config="true" duration-ms="388" started-at="2018-02-16T13:44:52Z" finished-at="2018-02-16T13:44:52Z">
          <params>
            <param index="0">
              <value>
                <![CDATA[org.testng.TestRunner@56113384]]>
              </value>
            </param>
          </params>
          <reporter-output>
          </reporter-output>
        </test-method> <!-- poststeps -->
      </class> <!-- basttestpack.BaseClass -->
    </test> <!-- Default test -->
  </suite> <!-- Default suite -->
</testng-results>
