<?xml version="1.0" encoding="UTF-8"?>
<!-- Generated by org.testng.reporters.JUnitXMLReporter -->
<testsuite hostname="infchszd3259" ignored="0" name="TmpTest" tests="1" failures="1" timestamp="23 Feb 2018 08:07:56 GMT" time="0.048" errors="0">
  <testcase name="homepageValidation" time="0.03" classname="basttestpack.BaseClass">
    <failure type="java.lang.NoClassDefFoundError" message="org/openqa/selenium/remote/service/DriverService$Builder">
      <![CDATA[java.lang.NoClassDefFoundError: org/openqa/selenium/remote/service/DriverService$Builder
	at alldriverspack.DeskDriver.getNewDriver(DeskDriver.java:33)
	at alldriverspack.DriverFactory.driverInit(DriverFactory.java:32)
	at alltestspack.HomePageValidations.<init>(HomePageValidations.java:18)
	at basttestpack.BaseClass.homepageValidation(BaseClass.java:26)
	at utilititespack.TestNGXMLGenerator.main(TestNGXMLGenerator.java:48)
	at org.codehaus.mojo.exec.ExecJavaMojo$1.run(ExecJavaMojo.java:297)
	at java.lang.Thread.run(Thread.java:745)
Caused by: java.lang.ClassNotFoundException: org.openqa.selenium.remote.service.DriverService$Builder
	at java.net.URLClassLoader.findClass(URLClassLoader.java:381)
	at java.lang.ClassLoader.loadClass(ClassLoader.java:424)
	at java.lang.ClassLoader.loadClass(ClassLoader.java:357)
	... 33 more
... Removed 26 stack frames]]>
    </failure>
  </testcase> <!-- homepageValidation -->
</testsuite> <!-- TmpTest -->
